<?xml version="1.0" encoding="UTF-8"?>
<!-- Generated by org.testng.reporters.JUnitReportReporter -->
<testsuite hostname="iamnisar812" failures="0" tests="2" name="com.test.AndroidTest" time="16.678" errors="0" timestamp="2024-08-29T12:24:50 IST" skipped="1">
  <testcase classname="com.test.AndroidTest" name="androidLaunchTest" time="16.678"/>
  <testcase classname="com.test.AndroidTest" name="iosLaunchTest">
    <skipped/>
  </testcase> <!-- iosLaunchTest -->
</testsuite> <!-- com.test.AndroidTest -->
