<?xml version="1.0" encoding="UTF-8"?>
<!-- Generated by org.testng.reporters.JUnitReportReporter -->
<testsuite hostname="iamnisar812" failures="0" tests="1" name="com.test.AppiumActions" time="1.159" errors="0" timestamp="2024-08-29T13:11:49 IST" skipped="0">
  <testcase classname="com.test.AppiumActions" name="test1" time="1.159"/>
</testsuite> <!-- com.test.AppiumActions -->
