<?xml version="1.0" encoding="UTF-8"?>
<!-- Generated by org.testng.reporters.JUnitReportReporter -->
<testsuite hostname="iamnisar812" failures="0" tests="1" name="com.test.AndroidTest" time="22.326" errors="0" timestamp="2024-08-28T20:44:55 IST" skipped="0">
  <testcase classname="com.test.AndroidTest" name="androidLaunchTest" time="22.326"/>
</testsuite> <!-- com.test.AndroidTest -->
