<?xml version="1.0" encoding="UTF-8"?>
<!-- Generated by org.testng.reporters.JUnitReportReporter -->
<testsuite hostname="iamnisar812" failures="0" tests="1" name="com.test.DemoTest" time="10.689" errors="0" timestamp="2024-08-29T16:21:28 IST" skipped="0">
  <testcase classname="com.test.DemoTest" name="androidLaunchTest" time="10.689"/>
</testsuite> <!-- com.test.DemoTest -->
