<?xml version="1.0" encoding="UTF-8"?>
<!-- Generated by org.testng.reporters.JUnitReportReporter -->
<testsuite hostname="iamnisar812" failures="0" tests="3" name="files.DynamicJson" time="2.483" errors="0" timestamp="2023-12-03T20:42:53 IST" skipped="0">
  <testcase classname="files.DynamicJson" name="addBook" time="2.009"/>
  <system-out/>
  <testcase classname="files.DynamicJson" name="addBook" time="0.238"/>
  <system-out/>
  <testcase classname="files.DynamicJson" name="addBook" time="0.236"/>
  <system-out/>
</testsuite> <!-- files.DynamicJson -->
