<?xml version="1.0" encoding="UTF-8"?>
<!-- Generated by org.testng.reporters.JUnitReportReporter -->
<testsuite hostname="iamnisar812" failures="0" tests="1" name="nahmed.SumValidation" time="1.095" errors="0" timestamp="2023-07-21T00:05:21 IST" skipped="0">
  <testcase classname="nahmed.SumValidation" name="sumOfCourses" time="1.095"/>
  <system-out/>
</testsuite> <!-- nahmed.SumValidation -->
