<?xml version="1.0" encoding="UTF-8"?>
<!-- Generated by org.testng.reporters.JUnitReportReporter -->
<testsuite hostname="iamnisar812" failures="0" tests="1" name="day7.FakerDataGenerator" time="0.227" errors="0" timestamp="2023-10-14T13:25:26 IST" skipped="0">
  <testcase classname="day7.FakerDataGenerator" name="testGenerateDummyData" time="0.227"/>
  <system-out/>
</testsuite> <!-- day7.FakerDataGenerator -->
