<?xml version="1.0" encoding="UTF-8"?>
<!-- Generated by org.testng.reporters.JUnitReportReporter -->
<testsuite hostname="iamnisar812" failures="0" tests="1" name="day3.PathAndQueryParameters" time="1.924" errors="0" timestamp="2023-10-10T13:44:42 IST" skipped="0">
  <testcase classname="day3.PathAndQueryParameters" name="getUsers" time="1.924"/>
  <system-out/>
</testsuite> <!-- day3.PathAndQueryParameters -->
