<?xml version="1.0" encoding="UTF-8"?>
<!-- Generated by org.testng.reporters.JUnitReportReporter -->
<testsuite hostname="iamnisar812" failures="0" tests="1" name="day8.DeleteUser" time="0.968" errors="0" timestamp="2023-10-14T15:44:21 IST" skipped="0">
  <testcase classname="day8.DeleteUser" name="test_deleteUser" time="0.968"/>
  <system-out/>
</testsuite> <!-- day8.DeleteUser -->
