<?xml version="1.0" encoding="UTF-8"?>
<!-- Generated by org.testng.reporters.JUnitReportReporter -->
<testsuite hostname="iamnisar812" failures="0" tests="1" name="day8.CreateUser" time="3.266" errors="0" timestamp="2023-10-14T15:44:21 IST" skipped="0">
  <testcase classname="day8.CreateUser" name="test_createUser" time="3.266"/>
  <system-out/>
</testsuite> <!-- day8.CreateUser -->
