<?xml version="1.0" encoding="UTF-8"?>
<!-- Generated by org.testng.reporters.JUnitReportReporter -->
<testsuite hostname="iamnisar812" failures="0" tests="1" name="day8.GetUser" time="1.045" errors="0" timestamp="2023-10-14T15:44:21 IST" skipped="0">
  <testcase classname="day8.GetUser" name="test_getUser" time="1.045"/>
  <system-out/>
</testsuite> <!-- day8.GetUser -->
