<?xml version="1.0" encoding="UTF-8"?>
<!-- Generated by org.testng.reporters.JUnitReportReporter -->
<testsuite hostname="iamnisar812" failures="0" tests="1" name="day8.UpdateUser" time="0.826" errors="0" timestamp="2023-10-14T15:44:21 IST" skipped="0">
  <testcase classname="day8.UpdateUser" name="test_updateUser" time="0.826"/>
  <system-out/>
</testsuite> <!-- day8.UpdateUser -->
