<?xml version="1.0" encoding="UTF-8"?>
<!-- Generated by org.testng.reporters.JUnitReportReporter -->
<testsuite hostname="iamnisar812" failures="0" tests="4" name="day1.HTTPRequests" time="4.709" errors="0" timestamp="2023-11-11T16:51:24 IST" skipped="0">
  <testcase classname="day1.HTTPRequests" name="getUsers" time="2.293"/>
  <system-out/>
  <testcase classname="day1.HTTPRequests" name="createUser" time="1.048"/>
  <system-out/>
  <testcase classname="day1.HTTPRequests" name="updateUser" time="0.667"/>
  <system-out/>
  <testcase classname="day1.HTTPRequests" name="deleteUser" time="0.701"/>
  <system-out/>
</testsuite> <!-- day1.HTTPRequests -->
