<?xml version="1.0" encoding="UTF-8"?>
<!-- Generated by org.testng.reporters.JUnitReportReporter -->
<testsuite hostname="iamnisar812" failures="0" tests="3" name="day2.DifferentWaysToCreatePostRequestBody" time="0.193" errors="0" timestamp="2023-12-21T22:32:39 IST" skipped="0">
  <testcase classname="day2.DifferentWaysToCreatePostRequestBody" name="payloadUsingHashMap" time="0.186"/>
  <system-out/>
  <testcase classname="day2.DifferentWaysToCreatePostRequestBody" name="payloadUsingOrgJson" time="0.005"/>
  <system-out/>
  <testcase classname="day2.DifferentWaysToCreatePostRequestBody" name="payloadUsingExternalJsonFile" time="0.002"/>
  <system-out/>
</testsuite> <!-- day2.DifferentWaysToCreatePostRequestBody -->
