<?xml version="1.0" encoding="UTF-8"?>
<!-- Generated by org.testng.reporters.JUnitReportReporter -->
<testsuite hostname="iamnisar812" failures="0" tests="2" name="com.tmb.tests.OrangeHRMTests" time="49.101" errors="0" timestamp="2024-08-23T23:15:58 IST" skipped="0">
  <testcase classname="com.tmb.tests.OrangeHRMTests" name="loginLogoutTest" time="28.475"/>
  <testcase classname="com.tmb.tests.OrangeHRMTests" name="newTest" time="20.626"/>
</testsuite> <!-- com.tmb.tests.OrangeHRMTests -->
