<?xml version="1.0" encoding="UTF-8"?>
<!-- Generated by org.testng.reporters.JUnitReportReporter -->
<testsuite hostname="iamnisar812" failures="0" tests="2" name="com.tmb.tests.OrangeHRMTests" time="27.528" errors="0" timestamp="2024-08-24T15:42:44 IST" skipped="0">
  <testcase classname="com.tmb.tests.OrangeHRMTests" name="loginLogoutTest" time="17.555"/>
  <testcase classname="com.tmb.tests.OrangeHRMTests" name="loginLogoutTest" time="9.973"/>
</testsuite> <!-- com.tmb.tests.OrangeHRMTests -->
