<?xml version="1.0" encoding="UTF-8"?>
<!-- Generated by org.testng.reporters.JUnitReportReporter -->
<testsuite hostname="iamnisar812" failures="0" tests="1" name="com.tmb.tests.LoginPageTests" time="3.910" errors="0" timestamp="2024-08-17T23:00:16 IST" skipped="0">
  <testcase classname="com.tmb.tests.LoginPageTests" name="test1" time="3.910"/>
</testsuite> <!-- com.tmb.tests.LoginPageTests -->
