<?xml version="1.0" encoding="UTF-8"?>
<!-- Generated by org.testng.reporters.JUnitReportReporter -->
<testsuite hostname="iamnisar812" failures="0" tests="1" name="com.tmb.tests.OrangeHRMTests" time="19.348" errors="0" timestamp="2024-08-18T18:53:09 IST" skipped="0">
  <testcase classname="com.tmb.tests.OrangeHRMTests" name="loginLogoutTest" time="19.348"/>
</testsuite> <!-- com.tmb.tests.OrangeHRMTests -->
