<?xml version="1.0" encoding="UTF-8"?>
<!-- Generated by org.testng.reporters.JUnitReportReporter -->
<testsuite hostname="iamnisar812" failures="0" tests="1" name="com.tmb.tests.HomePageTests" time="5.109" errors="0" timestamp="2024-08-18T16:16:25 IST" skipped="0">
  <testcase classname="com.tmb.tests.HomePageTests" name="test2" time="5.109"/>
</testsuite> <!-- com.tmb.tests.HomePageTests -->
