<?xml version="1.0" encoding="UTF-8"?>
<!-- Generated by org.testng.reporters.JUnitReportReporter -->
<testsuite hostname="iamnisar812" failures="0" tests="1" name="com.tmb.tests.HomePageTests" time="3.771" errors="0" timestamp="2024-08-17T19:37:19 IST" skipped="0">
  <testcase classname="com.tmb.tests.HomePageTests" name="test2" time="3.771"/>
</testsuite> <!-- com.tmb.tests.HomePageTests -->
