<?xml version="1.0" encoding="UTF-8"?>
<!-- Generated by org.testng.reporters.JUnitReportReporter -->
<testsuite hostname="iamnisar812" failures="0" tests="6" name="api.test.DDTests" time="9.909" errors="0" timestamp="2023-10-14T22:17:12 IST" skipped="0">
  <testcase classname="api.test.DDTests" name="testPostUser" time="1.427"/>
  <system-out/>
  <testcase classname="api.test.DDTests" name="testPostUser" time="2.612"/>
  <system-out/>
  <testcase classname="api.test.DDTests" name="testPostUser" time="1.440"/>
  <system-out/>
  <testcase classname="api.test.DDTests" name="testDeleteUserByName" time="1.481"/>
  <system-out/>
  <testcase classname="api.test.DDTests" name="testDeleteUserByName" time="1.492"/>
  <system-out/>
  <testcase classname="api.test.DDTests" name="testDeleteUserByName" time="1.457"/>
  <system-out/>
</testsuite> <!-- api.test.DDTests -->
