<?xml version="1.0" encoding="UTF-8"?>
<!-- Generated by org.testng.reporters.JUnitReportReporter -->
<testsuite hostname="iamnisar812" failures="0" tests="4" name="api.test.UserTests2" time="8.468" errors="0" timestamp="2023-11-04T13:08:49 IST" skipped="0">
  <testcase classname="api.test.UserTests2" name="testPostUser" time="2.676"/>
  <system-out/>
  <testcase classname="api.test.UserTests2" name="testGetUserByName" time="1.495"/>
  <system-out/>
  <testcase classname="api.test.UserTests2" name="testUpdateUserByName" time="2.831"/>
  <system-out/>
  <testcase classname="api.test.UserTests2" name="testDeleteUserByName" time="1.466"/>
  <system-out/>
</testsuite> <!-- api.test.UserTests2 -->
