<?xml version="1.0" encoding="UTF-8"?>
<!-- Generated by org.testng.reporters.JUnitReportReporter -->
<testsuite hostname="iamnisar812" failures="0" tests="4" name="api.test.UserTests" time="9.562" errors="0" timestamp="2023-11-01T22:34:39 IST" skipped="0">
  <testcase classname="api.test.UserTests" name="testPostUser" time="3.207"/>
  <system-out/>
  <testcase classname="api.test.UserTests" name="testGetUserByName" time="1.560"/>
  <system-out/>
  <testcase classname="api.test.UserTests" name="testUpdateUserByName" time="3.250"/>
  <system-out/>
  <testcase classname="api.test.UserTests" name="testDeleteUserByName" time="1.545"/>
  <system-out/>
</testsuite> <!-- api.test.UserTests -->
