<?xml version="1.0" encoding="UTF-8"?>
<!-- Generated by org.testng.reporters.JUnitReportReporter -->
<testsuite hostname="iamnisar812" failures="0" tests="1" name="nisarahmedqae.tests.test1" time="5.380" errors="0" timestamp="2024-05-17T22:27:05 IST" skipped="0">
  <testcase classname="nisarahmedqae.tests.test1" name="LoginErrorValidation" time="5.380"/>
  <system-out/>
</testsuite> <!-- nisarahmedqae.tests.test1 -->
