<?xml version="1.0" encoding="UTF-8"?>
<!-- Generated by org.testng.reporters.JUnitReportReporter -->
<testsuite hostname="iamnisar812" failures="0" tests="2" name="nisarahmedqae.tests.ProductDetailsTest" time="10.963" errors="0" timestamp="2024-05-18T14:40:29 IST" skipped="0">
  <testcase classname="nisarahmedqae.tests.ProductDetailsTest" name="GetProductPrice" time="5.271"/>
  <system-out/>
  <testcase classname="nisarahmedqae.tests.ProductDetailsTest" name="GetSearchedProducts" time="5.692"/>
  <system-out/>
</testsuite> <!-- nisarahmedqae.tests.ProductDetailsTest -->
