<?xml version="1.0" encoding="UTF-8"?>
<!-- Generated by org.testng.reporters.JUnitReportReporter -->
<testsuite hostname="iamnisar812" failures="0" tests="5" name="nisarahmedqae.tests.ProductDetailsTest" time="28.784" errors="0" timestamp="2024-05-19T14:22:39 IST" skipped="1">
  <testcase classname="nisarahmedqae.tests.ProductDetailsTest" name="GetSearchedProducts" time="5.166"/>
  <system-out/>
  <testcase classname="nisarahmedqae.tests.ProductDetailsTest" name="GetProductPrice" time="5.386"/>
  <system-out/>
  <testcase classname="nisarahmedqae.tests.ProductDetailsTest" name="GetProductPrice" time="8.765">
    <skipped/>
  </testcase> <!-- GetProductPrice -->
  <system-out/>
  <testcase classname="nisarahmedqae.tests.ProductDetailsTest" name="GetProductPrice" time="4.143"/>
  <system-out/>
  <testcase classname="nisarahmedqae.tests.ProductDetailsTest" name="GetProductPrice" time="5.324"/>
  <system-out/>
</testsuite> <!-- nisarahmedqae.tests.ProductDetailsTest -->
