<?xml version="1.0" encoding="UTF-8"?>
<!-- Generated by org.testng.reporters.JUnitReportReporter -->
<testsuite hostname="iamnisar812" failures="0" tests="2" name="nisarahmedqae.tests.ProductDetailsTest" time="6.559" errors="0" timestamp="2024-05-26T22:40:43 IST" skipped="1">
  <testcase classname="nisarahmedqae.tests.ProductDetailsTest" name="GetSearchedProducts" time="6.559"/>
  <system-out/>
  <testcase classname="nisarahmedqae.tests.ProductDetailsTest" name="GetProductPrice">
    <skipped/>
  </testcase> <!-- GetProductPrice -->
  <system-out/>
</testsuite> <!-- nisarahmedqae.tests.ProductDetailsTest -->
