<?xml version="1.0" encoding="UTF-8"?>
<!-- Generated by org.testng.reporters.JUnitReportReporter -->
<testsuite hostname="iamnisar812" failures="0" tests="2" name="TestNG_Order2.OrderTest2" time="0.012" errors="0" timestamp="2024-04-16T20:36:33 IST" skipped="0">
  <testcase classname="TestNG_Order2.OrderTest2" name="ClassTwo_Test1" time="0.008"/>
  <system-out/>
  <testcase classname="TestNG_Order2.OrderTest2" name="ClassTwo_Test2" time="0.004"/>
  <system-out/>
</testsuite> <!-- TestNG_Order2.OrderTest2 -->
