<?xml version="1.0" encoding="UTF-8"?>
<!-- Generated by org.testng.reporters.JUnitReportReporter -->
<testsuite hostname="iamnisar812" failures="0" tests="2" name="TestNG_Order1.OrderTest1" time="0.006" errors="0" timestamp="2024-04-16T21:01:54 IST" skipped="0">
  <testcase classname="TestNG_Order1.OrderTest1" name="ClassOne_Test2" time="0.001"/>
  <system-out/>
  <testcase classname="TestNG_Order1.OrderTest1" name="ClassOne_Test1" time="0.005"/>
  <system-out/>
</testsuite> <!-- TestNG_Order1.OrderTest1 -->
