<?xml version="1.0" encoding="UTF-8"?>
<!-- Generated by org.testng.reporters.JUnitReportReporter -->
<testsuite hostname="iamnisar812" failures="0" tests="3" name="Tests.day2" time="0.010" errors="0" timestamp="2023-12-04T23:09:34 IST" skipped="0">
  <testcase classname="Tests.day2" name="pLoan" time="0.005"/>
  <system-out/>
  <testcase classname="Tests.day2" name="pLoan3" time="0.001"/>
  <system-out/>
  <testcase classname="Tests.day2" name="pLoan2" time="0.004"/>
  <system-out/>
</testsuite> <!-- Tests.day2 -->
