<?xml version="1.0" encoding="UTF-8"?>
<!-- Generated by org.testng.reporters.JUnitReportReporter -->
<testsuite hostname="iamnisar812" failures="0" tests="1" name="nahmed.DragAndDropDemo" time="6.787" errors="0" timestamp="2024-04-13T14:07:47 IST" skipped="0">
  <testcase classname="nahmed.DragAndDropDemo" name="SwipeDemoTest" time="6.787"/>
</testsuite> <!-- nahmed.DragAndDropDemo -->
