<?xml version="1.0" encoding="UTF-8"?>
<!-- Generated by org.testng.reporters.JUnitReportReporter -->
<testsuite hostname="iamnisar812" failures="0" tests="1" name="eCommerce.eCommerce_tc_3" time="31.193" errors="0" timestamp="2024-04-14T16:02:46 IST" skipped="0">
  <testcase classname="eCommerce.eCommerce_tc_3" name="FillForm" time="31.193"/>
</testsuite> <!-- eCommerce.eCommerce_tc_3 -->
