<?xml version="1.0" encoding="UTF-8"?>
<!-- Generated by org.testng.reporters.JUnitReportReporter -->
<testsuite hostname="iamnisar812" failures="0" tests="1" name="nahmed.SwipeDemo2" time="4.319" errors="0" timestamp="2024-04-23T23:40:25 IST" skipped="0">
  <testcase classname="nahmed.SwipeDemo2" name="SwipeDemoTest" time="4.319"/>
</testsuite> <!-- nahmed.SwipeDemo2 -->
