<?xml version="1.0" encoding="UTF-8"?>
<!-- Generated by org.testng.reporters.JUnitReportReporter -->
<testsuite hostname="iamnisar812" failures="0" tests="1" name="eCommerce.eCommerce_tc_1" time="33.635" errors="0" timestamp="2024-04-23T23:32:03 IST" skipped="0">
  <testcase classname="eCommerce.eCommerce_tc_1" name="FillForm" time="33.635"/>
</testsuite> <!-- eCommerce.eCommerce_tc_1 -->
