<?xml version="1.0" encoding="UTF-8"?>
<!-- Generated by org.testng.reporters.JUnitReportReporter -->
<testsuite hostname="iamnisar812" failures="0" tests="1" name="nahmed.SwipeDemo" time="7.831" errors="0" timestamp="2024-04-07T22:06:44 IST" skipped="0">
  <testcase classname="nahmed.SwipeDemo" name="LongPressGesture" time="7.831"/>
</testsuite> <!-- nahmed.SwipeDemo -->
