<?xml version="1.0" encoding="UTF-8"?>
<!-- Generated by org.testng.reporters.JUnitReportReporter -->
<testsuite hostname="iamnisar812" failures="0" tests="1" name="nahmed.LongPress" time="9.054" errors="0" timestamp="2024-04-07T20:54:15 IST" skipped="0">
  <testcase classname="nahmed.LongPress" name="LongPressGesture" time="9.054"/>
</testsuite> <!-- nahmed.LongPress -->
