<?xml version="1.0" encoding="UTF-8"?>
<!-- Generated by org.testng.reporters.JUnitReportReporter -->
<testsuite hostname="iamnisar812" failures="0" tests="1" name="nahmed.ScrollDemo" time="7.560" errors="0" timestamp="2024-04-07T21:40:17 IST" skipped="0">
  <testcase classname="nahmed.ScrollDemo" name="LongPressGesture" time="7.560"/>
</testsuite> <!-- nahmed.ScrollDemo -->
