<?xml version="1.0" encoding="UTF-8"?>
<!-- Generated by org.testng.reporters.JUnitReportReporter -->
<testsuite hostname="iamnisar812" failures="0" tests="1" name="eCommerce.eCommerce_tc_2" time="16.326" errors="0" timestamp="2024-04-13T22:40:04 IST" skipped="0">
  <testcase classname="eCommerce.eCommerce_tc_2" name="FillForm" time="16.326"/>
</testsuite> <!-- eCommerce.eCommerce_tc_2 -->
