<?xml version="1.0" encoding="UTF-8"?>
<!-- Generated by org.testng.reporters.JUnitReportReporter -->
<testsuite hostname="iamnisar812" failures="0" tests="1" name="eCommerce.eCommerce_tc_2" time="12.440" errors="0" timestamp="2024-04-13T19:11:23 IST" skipped="0">
  <testcase classname="eCommerce.eCommerce_tc_2" name="FillForm" time="12.440"/>
</testsuite> <!-- eCommerce.eCommerce_tc_2 -->
