<?xml version="1.0" encoding="UTF-8"?>
<!-- Generated by org.testng.reporters.JUnitReportReporter -->
<testsuite hostname="iamnisar812" failures="0" tests="1" name="nahmed.AppiumBasics" time="8.132" errors="0" timestamp="2024-04-06T23:43:08 IST" skipped="0">
  <testcase classname="nahmed.AppiumBasics" name="WifiSettingsName" time="8.132"/>
</testsuite> <!-- nahmed.AppiumBasics -->
