<?xml version="1.0" encoding="UTF-8"?>
<!-- Generated by org.testng.reporters.JUnitReportReporter -->
<testsuite hostname="iamnisar812" failures="0" tests="1" name="nahmed.MiscellaneousAppiumActions" time="12.498" errors="0" timestamp="2024-04-13T17:03:37 IST" skipped="0">
  <testcase classname="nahmed.MiscellaneousAppiumActions" name="SwipeDemoTest" time="12.498"/>
</testsuite> <!-- nahmed.MiscellaneousAppiumActions -->
