<?xml version="1.0" encoding="UTF-8"?>
<!-- Generated by org.testng.reporters.JUnitReportReporter -->
<testsuite hostname="iamnisar812" failures="0" tests="2" name="mobileBrowser.MobileBrowserTest" time="7.693" errors="0" timestamp="2024-04-14T17:07:43 IST" skipped="0">
  <testcase classname="mobileBrowser.MobileBrowserTest" name="browserTest" time="5.339"/>
  <testcase classname="mobileBrowser.MobileBrowserTest" name="angularWebsiteTest" time="2.354"/>
</testsuite> <!-- mobileBrowser.MobileBrowserTest -->
