<?xml version="1.0" encoding="UTF-8"?>
<!-- Generated by org.testng.reporters.JUnitReportReporter -->
<testsuite hostname="iamnisar812" failures="0" tests="1" name="eCommerce.ToastMessage" time="5.758" errors="0" timestamp="2024-04-13T18:12:50 IST" skipped="0">
  <testcase classname="eCommerce.ToastMessage" name="FillForm" time="5.758"/>
</testsuite> <!-- eCommerce.ToastMessage -->
