<?xml version="1.0" encoding="UTF-8"?>
<!-- Generated by org.testng.reporters.JUnitReportReporter -->
<testsuite hostname="iamnisar812" failures="0" tests="1" name="eCommerce.eCommerce_tc_1" time="37.889" errors="0" timestamp="2024-04-13T18:03:33 IST" skipped="0">
  <testcase classname="eCommerce.eCommerce_tc_1" name="FillForm" time="37.889"/>
</testsuite> <!-- eCommerce.eCommerce_tc_1 -->
