<?xml version="1.0" encoding="UTF-8"?>
<!-- Generated by org.testng.reporters.JUnitReportReporter -->
<testsuite hostname="iamnisar812" failures="0" tests="2" name="mobileBrowser.MobileBrowserTest" time="4.523" errors="0" timestamp="2024-04-23T23:33:29 IST" skipped="0">
  <testcase classname="mobileBrowser.MobileBrowserTest" name="browserTest" time="3.156"/>
  <testcase classname="mobileBrowser.MobileBrowserTest" name="angularWebsiteTest" time="1.367"/>
</testsuite> <!-- mobileBrowser.MobileBrowserTest -->
