<?xml version="1.0" encoding="UTF-8"?>
<!-- Generated by org.testng.reporters.JUnitReportReporter -->
<testsuite hostname="iamnisar812" failures="0" tests="2" name="mobileBrowser.MobileBrowserTest" time="8.792" errors="0" timestamp="2024-07-16T21:23:19 IST" skipped="0">
  <testcase classname="mobileBrowser.MobileBrowserTest" name="browserTest" time="6.102"/>
  <testcase classname="mobileBrowser.MobileBrowserTest" name="angularWebsiteTest" time="2.690"/>
</testsuite> <!-- mobileBrowser.MobileBrowserTest -->
