<?xml version="1.0" encoding="UTF-8"?>
<!-- Generated by org.testng.reporters.JUnitReportReporter -->
<testsuite hostname="iamnisar812" failures="0" tests="1" name="nahmed.SubmitOrderTest" time="0.000" errors="0" timestamp="2023-06-24T18:12:27 IST" skipped="1">
  <testcase classname="nahmed.SubmitOrderTest" name="submitOrder" time="0.000">
    <skipped/>
  </testcase> <!-- submitOrder -->
  <system-out/>
</testsuite> <!-- nahmed.SubmitOrderTest -->
