<?xml version="1.0" encoding="UTF-8"?>
<!-- Generated by org.testng.reporters.JUnitReportReporter -->
<testsuite hostname="iamnisar812" failures="0" tests="1" name="nahmed.ErrorValidationsTest" time="4.525" errors="0" timestamp="2023-06-24T18:12:14 IST" skipped="0">
  <testcase classname="nahmed.ErrorValidationsTest" name="LoginErrorValidation" time="4.525"/>
  <system-out/>
</testsuite> <!-- nahmed.ErrorValidationsTest -->
