<?xml version="1.0" encoding="UTF-8"?>
<!-- Generated by org.testng.reporters.JUnitReportReporter -->
<testsuite hostname="iamnisar812" failures="0" tests="7" name="testing.UseDataOfExcel" time="0.016" errors="0" timestamp="2024-04-21T14:51:40 IST" skipped="0">
  <testcase classname="testing.UseDataOfExcel" name="testExcelData" time="0.000"/>
  <system-out/>
  <testcase classname="testing.UseDataOfExcel" name="testExcelData" time="0.000"/>
  <system-out/>
  <testcase classname="testing.UseDataOfExcel" name="testExcelData" time="0.002"/>
  <system-out/>
  <testcase classname="testing.UseDataOfExcel" name="testExcelData" time="0.000"/>
  <system-out/>
  <testcase classname="testing.UseDataOfExcel" name="testExcelData" time="0.001"/>
  <system-out/>
  <testcase classname="testing.UseDataOfExcel" name="testExcelData" time="0.002"/>
  <system-out/>
  <testcase classname="testing.UseDataOfExcel" name="testExcelData" time="0.011"/>
  <system-out/>
</testsuite> <!-- testing.UseDataOfExcel -->
