<?xml version="1.0" encoding="UTF-8"?>
<!-- Generated by org.testng.reporters.JUnitReportReporter -->
<testsuite hostname="iamnisar812" failures="0" tests="6" name="testing.UseDataOfExcel" time="0.016" errors="0" timestamp="2024-04-22T22:18:30 IST" skipped="0">
  <testcase classname="testing.UseDataOfExcel" name="testExcelData" time="0.001"/>
  <system-out/>
  <testcase classname="testing.UseDataOfExcel" name="testExcelData" time="0.001"/>
  <system-out/>
  <testcase classname="testing.UseDataOfExcel" name="testExcelData" time="0.002"/>
  <system-out/>
  <testcase classname="testing.UseDataOfExcel" name="testExcelData" time="0.001"/>
  <system-out/>
  <testcase classname="testing.UseDataOfExcel" name="testExcelData" time="0.010"/>
  <system-out/>
  <testcase classname="testing.UseDataOfExcel" name="testExcelData" time="0.001"/>
  <system-out/>
</testsuite> <!-- testing.UseDataOfExcel -->
